2026-06-03 10:00:56.106 Hotkey registered: Ctrl + Alt + Z (id=45056, hWnd=0xA40C72)
2026-06-03 10:00:56.121 Hotkey registered: Ctrl + Alt + B (id=45057, hWnd=0xA40C72)
2026-06-03 10:00:56.122 Hotkey registered: Ctrl + Win + Z (id=45058, hWnd=0xA40C72)
2026-06-03 10:00:56.122 Hotkey registered: Ctrl + Win + B (id=45059, hWnd=0xA40C72)
2026-06-03 10:00:56.125 Keyboard hook installed: True
2026-06-03 10:01:05.323 Starting region screenshot.
2026-06-03 10:01:08.436 Region selector closed: Cancel.
2026-06-03 10:01:15.820 Keyboard hook triggered: Z
2026-06-03 10:01:15.820 Starting region screenshot.
2026-06-03 10:01:23.576 Region selector closed: OK.
2026-06-03 10:01:33.511 Screenshot copied to clipboard.
2026-06-03 10:01:33.518 Screenshot auto-saved to C:\Users\farde\Pictures\PrintScreenApp\Screenshot_20260603_100133.png.
2026-06-03 10:02:45.149 Hotkey registered: Ctrl + Alt + Z (id=45056, hWnd=0x1D0E64)
2026-06-03 10:02:45.164 Hotkey registered: Ctrl + Alt + B (id=45057, hWnd=0x1D0E64)
2026-06-03 10:02:45.165 Hotkey registered: Ctrl + Win + Z (id=45058, hWnd=0x1D0E64)
2026-06-03 10:02:45.165 Hotkey registered: Ctrl + Win + B (id=45059, hWnd=0x1D0E64)
2026-06-03 10:02:45.169 Keyboard hook installed: True
2026-06-03 10:02:57.233 Starting region screenshot.
2026-06-03 10:03:03.420 Region selector closed: OK.
2026-06-03 10:03:07.437 Hotkey registered: Ctrl + Alt + Z (id=45056, hWnd=0x6905F2)
2026-06-03 10:03:07.453 Hotkey registered: Ctrl + Alt + B (id=45057, hWnd=0x6905F2)
2026-06-03 10:03:07.453 Hotkey registered: Ctrl + Win + Z (id=45058, hWnd=0x6905F2)
2026-06-03 10:03:07.453 Hotkey registered: Ctrl + Win + B (id=45059, hWnd=0x6905F2)
2026-06-03 10:03:07.457 Keyboard hook installed: True
2026-06-03 10:03:47.050 Starting region screenshot.
2026-06-03 10:03:49.160 Region selector closed: OK.
2026-06-03 10:04:07.716 Screenshot copied to clipboard.
2026-06-03 10:04:07.721 Screenshot auto-saved to C:\Users\farde\Pictures\PrintScreenApp\Screenshot_20260603_100407.png.
2026-06-03 10:04:32.795 Hotkey registered: Ctrl + Alt + Z (id=45056, hWnd=0x360DFE)
2026-06-03 10:04:32.810 Hotkey registered: Ctrl + Alt + B (id=45057, hWnd=0x360DFE)
2026-06-03 10:04:32.810 Hotkey registered: Ctrl + Win + Z (id=45058, hWnd=0x360DFE)
2026-06-03 10:04:32.811 Hotkey registered: Ctrl + Win + B (id=45059, hWnd=0x360DFE)
2026-06-03 10:04:32.814 Keyboard hook installed: True
2026-06-03 10:04:58.345 Hotkey registered: Ctrl + Alt + Z (id=45056, hWnd=0x1C075C)
2026-06-03 10:04:58.361 Hotkey registered: Ctrl + Alt + B (id=45057, hWnd=0x1C075C)
2026-06-03 10:04:58.361 Hotkey registered: Ctrl + Win + Z (id=45058, hWnd=0x1C075C)
2026-06-03 10:04:58.362 Hotkey registered: Ctrl + Win + B (id=45059, hWnd=0x1C075C)
2026-06-03 10:04:58.366 Keyboard hook installed: True
2026-06-03 10:05:46.236 Hotkey registered: Ctrl + Alt + Z (id=45056, hWnd=0x400CAC)
2026-06-03 10:05:46.252 Hotkey registered: Ctrl + Alt + B (id=45057, hWnd=0x400CAC)
2026-06-03 10:05:46.252 Hotkey registered: Ctrl + Win + Z (id=45058, hWnd=0x400CAC)
2026-06-03 10:05:46.253 Hotkey registered: Ctrl + Win + B (id=45059, hWnd=0x400CAC)
2026-06-03 10:05:46.257 Keyboard hook installed: True
2026-06-03 10:06:23.559 Hotkey registered: Ctrl + Alt + Z (id=45056, hWnd=0x3FF04EA)
2026-06-03 10:06:23.578 Hotkey registered: Ctrl + Alt + B (id=45057, hWnd=0x3FF04EA)
2026-06-03 10:06:23.579 Hotkey registered: Ctrl + Win + Z (id=45058, hWnd=0x3FF04EA)
2026-06-03 10:06:23.579 Hotkey registered: Ctrl + Win + B (id=45059, hWnd=0x3FF04EA)
2026-06-03 10:06:23.583 Keyboard hook installed: True
2026-06-03 10:07:34.255 Hotkey registered: Ctrl + Alt + Z (id=45056, hWnd=0x360E2A)
2026-06-03 10:07:34.271 Hotkey registered: Ctrl + Alt + B (id=45057, hWnd=0x360E2A)
2026-06-03 10:07:34.272 Hotkey registered: Ctrl + Win + Z (id=45058, hWnd=0x360E2A)
2026-06-03 10:07:34.272 Hotkey registered: Ctrl + Win + B (id=45059, hWnd=0x360E2A)
2026-06-03 10:07:34.275 Keyboard hook installed: True
